{"error":{},"level":"error","message":"Error in getAllDonors","route":"/api/admin/details","timestamp":"2024-01-23T19:26:44.115Z"}
{"error":{},"level":"error","message":"Error in getAllDonors","route":"/api/admin/details","timestamp":"2024-01-23T19:26:44.134Z"}
{"error":{},"level":"error","message":"Error in getAllDonors","route":"/api/admin/details","timestamp":"2024-01-23T19:27:26.451Z"}
{"error":{},"level":"error","message":"Error in getAllDonors","route":"/api/admin/details","timestamp":"2024-01-23T19:27:26.471Z"}
{"error":{},"level":"error","message":"Error in accessMiddleware ","route":"/api/admin/details","timestamp":"2024-01-23T19:29:14.022Z"}
{"error":{},"level":"error","message":"Error in accessMiddleware ","route":"/api/admin/details","timestamp":"2024-01-23T19:29:14.045Z"}
{"error":{},"level":"error","message":"Error in getAllDonors","route":"/api/admin/details","timestamp":"2024-01-23T19:30:34.329Z"}
{"error":{},"level":"error","message":"Error in getAllDonors","route":"/api/admin/details","timestamp":"2024-01-23T19:30:34.345Z"}
{"error":{},"level":"error","message":"Error in getAllDonatedItems","timestamp":"2024-01-26T06:51:41.681Z"}
{"error":{},"level":"error","message":"Error in getAllDonatedItems","timestamp":"2024-01-26T06:51:41.692Z"}
{"error":{"clientVersion":"5.8.1","code":"P2024","meta":{"connection_limit":17,"modelName":"Admin","timeout":10},"name":"PrismaClientKnownRequestError"},"level":"error","message":"Error in accessMiddleware ","route":"/api/admin/donated-items","timestamp":"2024-01-26T07:17:19.246Z"}
{"error":{"clientVersion":"5.8.1","code":"P2024","meta":{"connection_limit":17,"modelName":"Admin","timeout":10},"name":"PrismaClientKnownRequestError"},"level":"error","message":"Error in accessMiddleware ","route":"/api/admin/donated-items?searchText=&approvalStatus=&categoryId=&condition=&availability=true","timestamp":"2024-01-26T07:17:27.709Z"}
{"error":{"clientVersion":"5.8.1","code":"P2024","meta":{"connection_limit":17,"modelName":"Admin","timeout":10},"name":"PrismaClientKnownRequestError"},"level":"error","message":"Error in accessMiddleware ","route":"/api/admin/categories","timestamp":"2024-01-26T07:17:27.717Z"}
{"error":{"clientVersion":"5.8.1","name":"PrismaClientValidationError"},"level":"error","message":"Error in login","route":"/api/admin/auth/login","timestamp":"2024-01-26T17:07:24.664Z"}
{"error":{"clientVersion":"5.8.1","name":"PrismaClientValidationError"},"level":"error","message":"Error in login","route":"/api/admin/auth/login","timestamp":"2024-01-26T17:07:32.304Z"}
{"error":{"clientVersion":"5.8.1","name":"PrismaClientValidationError"},"level":"error","message":"Error in login","route":"/api/admin/auth/login","timestamp":"2024-01-26T17:07:46.015Z"}
{"error":{"clientVersion":"5.8.1","name":"PrismaClientValidationError"},"level":"error","message":"Error in login","route":"/api/admin/auth/login","timestamp":"2024-01-26T17:08:08.082Z"}
{"level":"info","message":"No authorization Token Provided","route":"/api/admin/details","timestamp":"2024-01-26T17:12:28.535Z"}
{"level":"info","message":"No authorization Token Provided","route":"/api/admin/details","timestamp":"2024-01-26T17:12:28.542Z"}
{"level":"info","message":"No authorization Token Provided","route":"/api/admin/details","timestamp":"2024-01-26T17:12:32.287Z"}
{"level":"info","message":"No authorization Token Provided","route":"/api/admin/details","timestamp":"2024-01-26T17:12:32.291Z"}
{"level":"info","message":"No authorization Token Provided","route":"/api/organisation/details","timestamp":"2024-01-26T17:27:21.690Z"}
{"level":"info","message":"No authorization Token Provided","route":"/api/organisation/details","timestamp":"2024-01-26T17:27:21.694Z"}
{"level":"info","message":"No authorization Token Provided","route":"/api/organisation/details","timestamp":"2024-01-26T17:28:04.163Z"}
{"level":"info","message":"No authorization Token Provided","route":"/api/organisation/details","timestamp":"2024-01-26T17:28:04.165Z"}
