{"error":{},"level":"error","message":"Error in getAllDonors","route":"/api/admin/details","timestamp":"2024-01-23T19:26:44.115Z"}
{"error":{},"level":"error","message":"Error in getAllDonors","route":"/api/admin/details","timestamp":"2024-01-23T19:26:44.134Z"}
{"error":{},"level":"error","message":"Error in getAllDonors","route":"/api/admin/details","timestamp":"2024-01-23T19:27:26.451Z"}
{"error":{},"level":"error","message":"Error in getAllDonors","route":"/api/admin/details","timestamp":"2024-01-23T19:27:26.471Z"}
{"error":{},"level":"error","message":"Error in accessMiddleware ","route":"/api/admin/details","timestamp":"2024-01-23T19:29:14.022Z"}
{"error":{},"level":"error","message":"Error in accessMiddleware ","route":"/api/admin/details","timestamp":"2024-01-23T19:29:14.045Z"}
{"error":{},"level":"error","message":"Error in getAllDonors","route":"/api/admin/details","timestamp":"2024-01-23T19:30:34.329Z"}
{"error":{},"level":"error","message":"Error in getAllDonors","route":"/api/admin/details","timestamp":"2024-01-23T19:30:34.345Z"}
{"error":{"expiredAt":"2024-01-23T14:42:14.000Z","message":"jwt expired","name":"TokenExpiredError"},"level":"error","message":"Error in jwtAccessTokenVerify","route":"core","timestamp":"2024-01-25T15:14:24.041Z"}
{"error":{"expiredAt":"2024-01-23T14:42:14.000Z","message":"jwt expired","name":"TokenExpiredError"},"level":"error","message":"Error in jwtAccessTokenVerify","route":"core","timestamp":"2024-01-25T15:14:24.073Z"}
{"error":{"clientVersion":"5.8.1","code":"P2003","meta":{"field_name":"(not available)","modelName":"Category"},"name":"PrismaClientKnownRequestError"},"level":"error","message":"Error in deleteCategory","timestamp":"2024-01-25T19:14:42.468Z"}
{"error":{"clientVersion":"5.8.1","code":"P2003","meta":{"field_name":"(not available)","modelName":"Category"},"name":"PrismaClientKnownRequestError"},"level":"error","message":"Error in deleteCategory","timestamp":"2024-01-25T19:29:45.478Z"}
{"error":{"clientVersion":"5.8.1","code":"P2014","meta":{"modelName":"Category","model_a_name":"DonatedItem","model_b_name":"Category","relation_name":"CategoryToDonatedItem"},"name":"PrismaClientKnownRequestError"},"level":"error","message":"Error in deleteCategory","timestamp":"2024-01-26T09:14:04.802Z"}
{"error":{"clientVersion":"5.8.1","code":"P2014","meta":{"modelName":"Category","model_a_name":"DonatedItem","model_b_name":"Category","relation_name":"CategoryToDonatedItem"},"name":"PrismaClientKnownRequestError"},"level":"error","message":"Error in deleteCategory","timestamp":"2024-01-26T10:30:44.362Z"}
{"error":{"clientVersion":"5.8.1","code":"P2014","meta":{"modelName":"Category","model_a_name":"DonatedItem","model_b_name":"Category","relation_name":"CategoryToDonatedItem"},"name":"PrismaClientKnownRequestError"},"level":"error","message":"Error in deleteCategory","timestamp":"2024-01-26T10:45:49.062Z"}
{"error":{"clientVersion":"5.8.1","code":"P2014","meta":{"modelName":"Category","model_a_name":"DonatedItem","model_b_name":"Category","relation_name":"CategoryToDonatedItem"},"name":"PrismaClientKnownRequestError"},"level":"error","message":"Error in deleteCategory","timestamp":"2024-01-26T10:46:35.061Z"}
{"error":{"clientVersion":"5.8.1","code":"P2014","meta":{"modelName":"Category","model_a_name":"DonatedItem","model_b_name":"Category","relation_name":"CategoryToDonatedItem"},"name":"PrismaClientKnownRequestError"},"level":"error","message":"Error in deleteCategory","timestamp":"2024-01-26T10:46:57.242Z"}
{"error":{"clientVersion":"5.8.1","code":"P2014","meta":{"modelName":"Category","model_a_name":"DonatedItem","model_b_name":"Category","relation_name":"CategoryToDonatedItem"},"name":"PrismaClientKnownRequestError"},"level":"error","message":"Error in deleteCategory","timestamp":"2024-01-26T10:49:00.696Z"}
{"error":{"clientVersion":"5.8.1","code":"P2014","meta":{"modelName":"Category","model_a_name":"DonatedItem","model_b_name":"Category","relation_name":"CategoryToDonatedItem"},"name":"PrismaClientKnownRequestError"},"level":"error","message":"Error in deleteCategory","timestamp":"2024-01-26T10:52:45.024Z"}
{"error":{"clientVersion":"5.8.1","code":"P2014","meta":{"modelName":"Category","model_a_name":"DonatedItem","model_b_name":"Category","relation_name":"CategoryToDonatedItem"},"name":"PrismaClientKnownRequestError"},"level":"error","message":"Error in deleteCategory","timestamp":"2024-01-26T10:54:45.565Z"}
{"error":{"clientVersion":"5.8.1","code":"P2014","meta":{"modelName":"Category","model_a_name":"DonatedItem","model_b_name":"Category","relation_name":"CategoryToDonatedItem"},"name":"PrismaClientKnownRequestError"},"level":"error","message":"Error in deleteCategory","timestamp":"2024-01-26T10:56:58.296Z"}
{"error":{"clientVersion":"5.8.1","code":"P2014","meta":{"modelName":"Category","model_a_name":"DonatedItem","model_b_name":"Category","relation_name":"CategoryToDonatedItem"},"name":"PrismaClientKnownRequestError"},"level":"error","message":"Error in deleteCategory","timestamp":"2024-01-26T10:58:58.867Z"}
{"error":{"clientVersion":"5.8.1","code":"P2014","meta":{"modelName":"Category","model_a_name":"DonatedItem","model_b_name":"Category","relation_name":"CategoryToDonatedItem"},"name":"PrismaClientKnownRequestError"},"level":"error","message":"Error in deleteCategory","timestamp":"2024-01-26T10:59:20.604Z"}
{"error":{"clientVersion":"5.8.1","code":"P2014","meta":{"modelName":"Category","model_a_name":"DonatedItem","model_b_name":"Category","relation_name":"CategoryToDonatedItem"},"name":"PrismaClientKnownRequestError"},"level":"error","message":"Error in deleteCategory","timestamp":"2024-01-26T11:14:03.132Z"}
{"error":{"clientVersion":"5.8.1","code":"P2014","meta":{"modelName":"Category","model_a_name":"DonatedItem","model_b_name":"Category","relation_name":"CategoryToDonatedItem"},"name":"PrismaClientKnownRequestError"},"level":"error","message":"Error in deleteCategory","timestamp":"2024-01-26T11:16:28.471Z"}
{"error":{"clientVersion":"5.8.1","code":"P2014","meta":{"modelName":"Category","model_a_name":"DonatedItem","model_b_name":"Category","relation_name":"CategoryToDonatedItem"},"name":"PrismaClientKnownRequestError"},"level":"error","message":"Error in deleteCategory","timestamp":"2024-01-26T11:16:53.385Z"}
{"error":{"clientVersion":"5.8.1","code":"P2014","meta":{"modelName":"Category","model_a_name":"DonatedItem","model_b_name":"Category","relation_name":"CategoryToDonatedItem"},"name":"PrismaClientKnownRequestError"},"level":"error","message":"Error in deleteCategory","timestamp":"2024-01-26T11:18:41.052Z"}
{"error":{"clientVersion":"5.8.1","code":"P2014","meta":{"modelName":"Category","model_a_name":"DonatedItem","model_b_name":"Category","relation_name":"CategoryToDonatedItem"},"name":"PrismaClientKnownRequestError"},"level":"error","message":"Error in deleteCategory","timestamp":"2024-01-26T11:20:20.462Z"}
{"error":{"clientVersion":"5.8.1","code":"P2014","meta":{"modelName":"Category","model_a_name":"DonatedItem","model_b_name":"Category","relation_name":"CategoryToDonatedItem"},"name":"PrismaClientKnownRequestError"},"level":"error","message":"Error in deleteCategory","timestamp":"2024-01-26T11:20:25.179Z"}
{"error":{"clientVersion":"5.8.1","code":"P2014","meta":{"modelName":"Category","model_a_name":"DonatedItem","model_b_name":"Category","relation_name":"CategoryToDonatedItem"},"name":"PrismaClientKnownRequestError"},"level":"error","message":"Error in deleteCategory","timestamp":"2024-01-26T11:22:47.620Z"}
{"error":{"clientVersion":"5.8.1","code":"P2014","meta":{"modelName":"Category","model_a_name":"DonatedItem","model_b_name":"Category","relation_name":"CategoryToDonatedItem"},"name":"PrismaClientKnownRequestError"},"level":"error","message":"Error in deleteCategory","timestamp":"2024-01-26T11:30:29.326Z"}
{"error":{"clientVersion":"5.8.1","code":"P2014","meta":{"modelName":"Category","model_a_name":"DonatedItem","model_b_name":"Category","relation_name":"CategoryToDonatedItem"},"name":"PrismaClientKnownRequestError"},"level":"error","message":"Error in deleteCategory","timestamp":"2024-01-26T11:39:12.143Z"}
{"error":{"clientVersion":"5.8.1","code":"P2014","meta":{"modelName":"Category","model_a_name":"DonatedItem","model_b_name":"Category","relation_name":"CategoryToDonatedItem"},"name":"PrismaClientKnownRequestError"},"level":"error","message":"Error in deleteCategory","timestamp":"2024-01-26T11:42:21.577Z"}
{"error":{"clientVersion":"5.8.1","code":"P2014","meta":{"modelName":"Category","model_a_name":"DonatedItem","model_b_name":"Category","relation_name":"CategoryToDonatedItem"},"name":"PrismaClientKnownRequestError"},"level":"error","message":"Error in deleteCategory","timestamp":"2024-01-26T11:44:20.185Z"}
{"error":{"clientVersion":"5.8.1","code":"P2022","meta":{"column":"(not available)","modelName":"DonatedItem"},"name":"PrismaClientKnownRequestError"},"level":"error","message":"Error in deleteCategory","timestamp":"2024-01-26T13:20:55.670Z"}
{"error":{"clientVersion":"5.8.1","code":"P2022","meta":{"column":"(not available)","modelName":"DonatedItem"},"name":"PrismaClientKnownRequestError"},"level":"error","message":"Error in deleteCategory","timestamp":"2024-01-26T13:21:05.888Z"}
{"error":{"clientVersion":"5.8.1","code":"P2022","meta":{"column":"(not available)","modelName":"DonatedItem"},"name":"PrismaClientKnownRequestError"},"level":"error","message":"Error in deleteCategory","timestamp":"2024-01-26T13:23:36.796Z"}
{"error":{"clientVersion":"5.8.1","code":"P2022","meta":{"column":"(not available)","modelName":"DonatedItem"},"name":"PrismaClientKnownRequestError"},"level":"error","message":"Error in deleteCategory","timestamp":"2024-01-26T13:23:46.066Z"}
{"error":{"clientVersion":"5.8.1","code":"P2022","meta":{"column":"(not available)","modelName":"DonatedItem"},"name":"PrismaClientKnownRequestError"},"level":"error","message":"Error in deleteCategory","timestamp":"2024-01-26T13:24:54.736Z"}
{"error":{"clientVersion":"5.8.1","code":"P2022","meta":{"column":"(not available)","modelName":"DonatedItem"},"name":"PrismaClientKnownRequestError"},"level":"error","message":"Error in deleteCategory","timestamp":"2024-01-26T13:25:15.547Z"}
{"error":{"clientVersion":"5.8.1","code":"P2022","meta":{"column":"(not available)","modelName":"DonatedItem"},"name":"PrismaClientKnownRequestError"},"level":"error","message":"Error in deleteCategory","timestamp":"2024-01-26T13:30:14.157Z"}
{"error":{"clientVersion":"5.8.1","code":"P2022","meta":{"column":"(not available)","modelName":"DonatedItem"},"name":"PrismaClientKnownRequestError"},"level":"error","message":"Error in deleteCategory","timestamp":"2024-01-26T13:30:17.646Z"}
