{"level":"error","message":"/ \n homeController.js - getHome \n  myFunction is not defined","service":"Enpointe Software Service","stack":"ReferenceError: myFunction is not defined\n    at _callee$ (/home/atharv/Job_WorkSpace/StarterProjects/node-express-starter/src/app/modules/home/homeController.js:9:21)\n    at tryCatch (/home/atharv/Job_WorkSpace/StarterProjects/node-express-starter/node_modules/@babel/runtime/helpers/regeneratorRuntime.js:86:17)\n    at Generator._invoke (/home/atharv/Job_WorkSpace/StarterProjects/node-express-starter/node_modules/@babel/runtime/helpers/regeneratorRuntime.js:66:24)\n    at Generator.next (/home/atharv/Job_WorkSpace/StarterProjects/node-express-starter/node_modules/@babel/runtime/helpers/regeneratorRuntime.js:117:21)\n    at asyncGeneratorStep (/home/atharv/Job_WorkSpace/StarterProjects/node-express-starter/node_modules/@babel/runtime/helpers/asyncToGenerator.js:3:24)\n    at _next (/home/atharv/Job_WorkSpace/StarterProjects/node-express-starter/node_modules/@babel/runtime/helpers/asyncToGenerator.js:25:9)\n    at /home/atharv/Job_WorkSpace/StarterProjects/node-express-starter/node_modules/@babel/runtime/helpers/asyncToGenerator.js:32:7\n    at new Promise (<anonymous>)\n    at /home/atharv/Job_WorkSpace/StarterProjects/node-express-starter/node_modules/@babel/runtime/helpers/asyncToGenerator.js:21:12\n    at _getHome (/home/atharv/Job_WorkSpace/StarterProjects/node-express-starter/src/app/modules/home/homeController.js:51:19)","timestamp":"2022-07-11T06:56:12.850Z"}
{"level":"error","message":"\n\t\t\t/ \n\t\t\thomeController.js - getHome \n\t\t\t 'caller', 'callee', and 'arguments' properties may not be accessed on strict mode functions or the arguments objects for calls to them","service":"Enpointe Software Service","stack":"TypeError: 'caller', 'callee', and 'arguments' properties may not be accessed on strict mode functions or the arguments objects for calls to them\n    at _callee$ (/home/atharv/Job_WorkSpace/StarterProjects/node-express-starter/src/app/modules/home/homeController.js:9:31)\n    at tryCatch (/home/atharv/Job_WorkSpace/StarterProjects/node-express-starter/node_modules/@babel/runtime/helpers/regeneratorRuntime.js:86:17)\n    at Generator._invoke (/home/atharv/Job_WorkSpace/StarterProjects/node-express-starter/node_modules/@babel/runtime/helpers/regeneratorRuntime.js:66:24)\n    at Generator.next (/home/atharv/Job_WorkSpace/StarterProjects/node-express-starter/node_modules/@babel/runtime/helpers/regeneratorRuntime.js:117:21)\n    at asyncGeneratorStep (/home/atharv/Job_WorkSpace/StarterProjects/node-express-starter/node_modules/@babel/runtime/helpers/asyncToGenerator.js:3:24)\n    at _next (/home/atharv/Job_WorkSpace/StarterProjects/node-express-starter/node_modules/@babel/runtime/helpers/asyncToGenerator.js:25:9)\n    at /home/atharv/Job_WorkSpace/StarterProjects/node-express-starter/node_modules/@babel/runtime/helpers/asyncToGenerator.js:32:7\n    at new Promise (<anonymous>)\n    at /home/atharv/Job_WorkSpace/StarterProjects/node-express-starter/node_modules/@babel/runtime/helpers/asyncToGenerator.js:21:12\n    at _getHome (/home/atharv/Job_WorkSpace/StarterProjects/node-express-starter/src/app/modules/home/homeController.js:52:19)","timestamp":"2022-07-11T06:58:10.174Z"}
{"level":"info","message":"LogMessage","route":"/home/","service":"Enpointe Software Service","timestamp":"2022-07-11T07:08:27.976Z"}
{"error":{},"level":"error","message":"Error in getHome","route":"/home/","service":"Enpointe Software Service","timestamp":"2022-07-11T07:08:27.980Z"}
{"error":{"clientVersion":"5.8.1","name":"PrismaClientInitializationError"},"level":"error","message":"Error in functionName","route":"/api/admin/users","timestamp":"2024-01-18T07:43:49.818Z"}
{"error":{"clientVersion":"5.8.1","name":"PrismaClientInitializationError"},"level":"error","message":"Error in functionName","route":"/api/admin/users","timestamp":"2024-01-18T07:44:17.357Z"}
{"error":{"clientVersion":"5.8.1","name":"PrismaClientInitializationError"},"level":"error","message":"Error in functionName","route":"/api/admin/users","timestamp":"2024-01-18T07:48:34.983Z"}
{"error":{"clientVersion":"5.8.1","name":"PrismaClientInitializationError"},"level":"error","message":"Error in functionName","route":"/api/admin/users","timestamp":"2024-01-18T07:49:35.618Z"}
{"error":{"clientVersion":"5.8.1","name":"PrismaClientInitializationError"},"level":"error","message":"Error in getAllUsers","route":"/api/admin/users","timestamp":"2024-01-18T17:03:10.769Z"}
{"error":{"clientVersion":"5.8.1","name":"PrismaClientInitializationError"},"level":"error","message":"Error in getAllUsers","route":"/api/admin/users","timestamp":"2024-01-18T17:03:11.037Z"}
{"error":{"clientVersion":"5.8.1","name":"PrismaClientInitializationError"},"level":"error","message":"Error in getAllUsers","route":"/api/admin/users","timestamp":"2024-01-18T17:06:14.742Z"}
{"error":{"clientVersion":"5.8.1","name":"PrismaClientInitializationError"},"level":"error","message":"Error in getAllUsers","route":"/api/admin/users","timestamp":"2024-01-18T17:06:14.988Z"}
{"error":{"clientVersion":"5.8.1","code":"P2022","meta":{"column":"(not available)","modelName":"Donor"},"name":"PrismaClientKnownRequestError"},"level":"error","message":"Error in getAllDonors","route":"/api/admin/donors","timestamp":"2024-01-18T18:09:10.619Z"}
{"error":{"clientVersion":"5.8.1","code":"P2022","meta":{"column":"(not available)","modelName":"Donor"},"name":"PrismaClientKnownRequestError"},"level":"error","message":"Error in getAllDonors","route":"/api/admin/donors","timestamp":"2024-01-18T18:09:10.642Z"}
{"error":{"clientVersion":"5.8.1","name":"PrismaClientInitializationError"},"level":"error","message":"Error in getAllDonors","route":"/api/admin/donors","timestamp":"2024-01-18T18:33:28.351Z"}
{"error":{"clientVersion":"5.8.1","name":"PrismaClientInitializationError"},"level":"error","message":"Error in getAllDonors","route":"/api/admin/donors","timestamp":"2024-01-18T18:33:28.576Z"}
{"error":{"clientVersion":"5.8.1","name":"PrismaClientInitializationError"},"level":"error","message":"Error in getAllDonors","route":"/api/admin/donors","timestamp":"2024-01-18T18:33:46.576Z"}
{"error":{"clientVersion":"5.8.1","name":"PrismaClientInitializationError"},"level":"error","message":"Error in getAllDonors","route":"/api/admin/donors","timestamp":"2024-01-18T18:33:46.799Z"}
{"error":{"clientVersion":"5.8.1","name":"PrismaClientInitializationError"},"level":"error","message":"Error in getAllDonors","route":"/api/admin/donors","timestamp":"2024-01-18T18:35:38.341Z"}
{"error":{"clientVersion":"5.8.1","name":"PrismaClientInitializationError"},"level":"error","message":"Error in getAllDonors","route":"/api/admin/donors","timestamp":"2024-01-18T18:35:38.578Z"}
{"error":{},"level":"error","message":"Error in getAllDonors","route":"/api/admin/donors","timestamp":"2024-01-18T13:11:11.831Z"}
{"error":{},"level":"error","message":"Error in getAllDonors","route":"/api/admin/donors","timestamp":"2024-01-18T13:11:11.839Z"}
{"error":{},"level":"error","message":"Error in getAllDonors","route":"/api/admin/donors","timestamp":"2024-01-18T13:11:26.455Z"}
{"error":{},"level":"error","message":"Error in getAllDonors","route":"/api/admin/donors","timestamp":"2024-01-18T13:11:26.459Z"}
{"error":{},"level":"error","message":"Error in getAllDonors","route":"/api/admin/donors","timestamp":"2024-01-18T13:12:55.931Z"}
{"error":{},"level":"error","message":"Error in getAllDonors","route":"/api/admin/donors","timestamp":"2024-01-18T13:12:55.939Z"}
{"error":{},"level":"error","message":"Error in getAllDonors","route":"/api/admin/donors","timestamp":"2024-01-18T13:13:20.195Z"}
{"error":{},"level":"error","message":"Error in getAllDonors","route":"/api/admin/donors","timestamp":"2024-01-18T13:16:34.816Z"}
{"error":{},"level":"error","message":"Error in getAllDonors","route":"/api/admin/donors","timestamp":"2024-01-18T13:16:34.820Z"}
{"error":{},"level":"error","message":"Error in getAllDonors","route":"/api/admin/donors","timestamp":"2024-01-18T13:16:45.258Z"}
{"error":{},"level":"error","message":"Error in getAllDonors","route":"/api/admin/donors","timestamp":"2024-01-18T13:16:45.261Z"}
{"error":{},"level":"error","message":"Error in getAllDonors","route":"/api/admin/donors","timestamp":"2024-01-18T13:17:00.890Z"}
{"error":{},"level":"error","message":"Error in getAllDonors","route":"/api/admin/donors","timestamp":"2024-01-18T13:17:00.900Z"}
{"error":{},"level":"error","message":"Error in getAllDonors","route":"/api/admin/donors","timestamp":"2024-01-18T13:17:08.064Z"}
{"error":{},"level":"error","message":"Error in getAllDonors","route":"/api/admin/donors","timestamp":"2024-01-18T13:17:08.070Z"}
{"error":{},"level":"error","message":"Error in getAllDonors","route":"/api/admin/donors","timestamp":"2024-01-18T13:19:30.725Z"}
{"error":{},"level":"error","message":"Error in getAllDonors","route":"/api/admin/donors","timestamp":"2024-01-18T13:19:30.729Z"}
{"error":{},"level":"error","message":"Error in getAllDonors","route":"/api/admin/donors","timestamp":"2024-01-18T13:21:13.362Z"}
{"error":{},"level":"error","message":"Error in getAllDonors","route":"/api/admin/donors","timestamp":"2024-01-18T13:21:13.378Z"}
{"error":{},"level":"error","message":"Error in getAllDonors","route":"/api/admin/donors","timestamp":"2024-01-18T13:21:45.441Z"}
{"error":{},"level":"error","message":"Error in getAllDonors","route":"/api/admin/donors","timestamp":"2024-01-18T13:21:45.444Z"}
{"error":{},"level":"error","message":"Error in getAllDonors","route":"/api/admin/donors","timestamp":"2024-01-18T13:21:47.463Z"}
{"error":{},"level":"error","message":"Error in getAllDonors","route":"/api/admin/donors","timestamp":"2024-01-18T13:21:47.466Z"}
{"error":{},"level":"error","message":"Error in getAllDonors","route":"/api/admin/donors","timestamp":"2024-01-18T13:22:05.324Z"}
{"error":{},"level":"error","message":"Error in getAllDonors","route":"/api/admin/donors","timestamp":"2024-01-18T13:22:05.330Z"}
{"error":{},"level":"error","message":"Error in getAllDonors","route":"/api/admin/donors","timestamp":"2024-01-18T13:23:45.539Z"}
{"error":{},"level":"error","message":"Error in getAllDonors","route":"/api/admin/donors","timestamp":"2024-01-18T13:23:53.253Z"}
{"error":{},"level":"error","message":"Error in getAllDonors","route":"/api/admin/donors","timestamp":"2024-01-18T13:24:02.809Z"}
{"error":{},"level":"error","message":"Error in getAllDonors","route":"/api/admin/donors","timestamp":"2024-01-18T13:24:36.839Z"}
{"error":{},"level":"error","message":"Error in getAllDonors","route":"/api/admin/donors","timestamp":"2024-01-18T13:24:36.854Z"}
{"error":{},"level":"error","message":"Error in getAllDonors","route":"/api/admin/donors","timestamp":"2024-01-18T13:25:12.468Z"}
{"error":{},"level":"error","message":"Error in getAllDonors","route":"/api/admin/donors","timestamp":"2024-01-18T13:25:12.477Z"}
{"error":{},"level":"error","message":"Error in getAllDonors","route":"/api/admin/donors","timestamp":"2024-01-18T13:25:14.526Z"}
{"error":{},"level":"error","message":"Error in getAllDonors","route":"/api/admin/donors","timestamp":"2024-01-18T13:25:15.891Z"}
{"error":{},"level":"error","message":"Error in getAllDonors","route":"/api/admin/donors","timestamp":"2024-01-18T13:25:23.290Z"}
{"error":{},"level":"error","message":"Error in getAllDonors","route":"/api/admin/donors?searchText=J","timestamp":"2024-01-21T05:43:26.418Z"}
{"error":{},"level":"error","message":"Error in getAllDonors","route":"/api/admin/donors?searchText=Jo","timestamp":"2024-01-21T05:43:27.189Z"}
{"error":{},"level":"error","message":"Error in getAllDonors","route":"/api/admin/donors?searchText=j","timestamp":"2024-01-21T05:44:36.729Z"}
{"error":{},"level":"error","message":"Error in getAllDonors","route":"/api/admin/donors?searchText=jo","timestamp":"2024-01-21T05:44:37.144Z"}
{"error":{},"level":"error","message":"Error in getAllDonors","route":"/api/admin/donors?searchText=joh","timestamp":"2024-01-21T05:44:37.390Z"}
{"error":{},"level":"error","message":"Error in getAllDonors","route":"/api/admin/donors?searchText=njoh","timestamp":"2024-01-21T05:44:46.958Z"}
{"error":{"clientVersion":"5.8.1","code":"P2024","meta":{"connection_limit":17,"modelName":"Donor","timeout":10},"name":"PrismaClientKnownRequestError"},"level":"error","message":"Error in getAllDonors","route":"/api/admin/donors?searchText=","timestamp":"2024-01-21T06:30:49.895Z"}
